<?xml version="1.0" encoding="UTF-8"?>
<testsuite xmlns:xsi="http://www.w3.org/2001/XMLSchema-instance" xsi:noNamespaceSchemaLocation="https://maven.apache.org/surefire/maven-surefire-plugin/xsd/surefire-test-report.xsd" name="com.spring.AppTest" time="0.026" tests="1" errors="0" skipped="0" failures="0">
  <properties>
    <property name="sun.desktop" value="windows"/>
    <property name="awt.toolkit" value="sun.awt.windows.WToolkit"/>
    <property name="file.encoding.pkg" value="sun.io"/>
    <property name="java.specification.version" value="1.8"/>
    <property name="sun.cpu.isalist" value="amd64"/>
    <property name="sun.jnu.encoding" value="Cp1252"/>
    <property name="java.class.path" value="E:\Project win 7\SpringTest\SpringCore\target\test-classes;E:\Project win 7\SpringTest\SpringCore\target\classes;C:\maven\repo\junit\junit\4.11\junit-4.11.jar;C:\maven\repo\org\hamcrest\hamcrest-core\1.3\hamcrest-core-1.3.jar;C:\maven\repo\org\springframework\spring-context\4.3.18.RELEASE\spring-context-4.3.18.RELEASE.jar;C:\maven\repo\org\springframework\spring-aop\4.3.18.RELEASE\spring-aop-4.3.18.RELEASE.jar;C:\maven\repo\org\springframework\spring-beans\4.3.18.RELEASE\spring-beans-4.3.18.RELEASE.jar;C:\maven\repo\org\springframework\spring-core\4.3.18.RELEASE\spring-core-4.3.18.RELEASE.jar;C:\maven\repo\commons-logging\commons-logging\1.2\commons-logging-1.2.jar;C:\maven\repo\org\springframework\spring-expression\4.3.18.RELEASE\spring-expression-4.3.18.RELEASE.jar;C:\maven\repo\org\springframework\spring-context-support\4.3.18.RELEASE\spring-context-support-4.3.18.RELEASE.jar;"/>
    <property name="java.vm.vendor" value="Oracle Corporation"/>
    <property name="sun.arch.data.model" value="64"/>
    <property name="user.variant" value=""/>
    <property name="java.vendor.url" value="http://java.oracle.com/"/>
    <property name="user.timezone" value=""/>
    <property name="java.vm.specification.version" value="1.8"/>
    <property name="os.name" value="Windows 7"/>
    <property name="user.country" value="US"/>
    <property name="sun.java.launcher" value="SUN_STANDARD"/>
    <property name="sun.boot.library.path" value="C:\Program Files\Java\jdk1.8.0_171\jre\bin"/>
    <property name="sun.java.command" value="C:\Users\THINKPAD\AppData\Local\Temp\surefire7623900576788883853\surefirebooter8856778463032131709.jar C:\Users\THINKPAD\AppData\Local\Temp\surefire7623900576788883853 2018-07-15T00-13-47_327-jvmRun1 surefire1899755435442100444tmp surefire_01611373715046518361tmp"/>
    <property name="surefire.test.class.path" value="E:\Project win 7\SpringTest\SpringCore\target\test-classes;E:\Project win 7\SpringTest\SpringCore\target\classes;C:\maven\repo\junit\junit\4.11\junit-4.11.jar;C:\maven\repo\org\hamcrest\hamcrest-core\1.3\hamcrest-core-1.3.jar;C:\maven\repo\org\springframework\spring-context\4.3.18.RELEASE\spring-context-4.3.18.RELEASE.jar;C:\maven\repo\org\springframework\spring-aop\4.3.18.RELEASE\spring-aop-4.3.18.RELEASE.jar;C:\maven\repo\org\springframework\spring-beans\4.3.18.RELEASE\spring-beans-4.3.18.RELEASE.jar;C:\maven\repo\org\springframework\spring-core\4.3.18.RELEASE\spring-core-4.3.18.RELEASE.jar;C:\maven\repo\commons-logging\commons-logging\1.2\commons-logging-1.2.jar;C:\maven\repo\org\springframework\spring-expression\4.3.18.RELEASE\spring-expression-4.3.18.RELEASE.jar;C:\maven\repo\org\springframework\spring-context-support\4.3.18.RELEASE\spring-context-support-4.3.18.RELEASE.jar;"/>
    <property name="sun.cpu.endian" value="little"/>
    <property name="user.home" value="C:\Users\THINKPAD"/>
    <property name="user.language" value="en"/>
    <property name="java.specification.vendor" value="Oracle Corporation"/>
    <property name="java.home" value="C:\Program Files\Java\jdk1.8.0_171\jre"/>
    <property name="basedir" value="E:\Project win 7\SpringTest\SpringCore"/>
    <property name="file.separator" value="\"/>
    <property name="line.separator" value="&#10;"/>
    <property name="java.vm.specification.vendor" value="Oracle Corporation"/>
    <property name="java.specification.name" value="Java Platform API Specification"/>
    <property name="java.awt.graphicsenv" value="sun.awt.Win32GraphicsEnvironment"/>
    <property name="surefire.real.class.path" value="C:\Users\THINKPAD\AppData\Local\Temp\surefire7623900576788883853\surefirebooter8856778463032131709.jar"/>
    <property name="sun.boot.class.path" value="C:\Program Files\Java\jdk1.8.0_171\jre\lib\resources.jar;C:\Program Files\Java\jdk1.8.0_171\jre\lib\rt.jar;C:\Program Files\Java\jdk1.8.0_171\jre\lib\sunrsasign.jar;C:\Program Files\Java\jdk1.8.0_171\jre\lib\jsse.jar;C:\Program Files\Java\jdk1.8.0_171\jre\lib\jce.jar;C:\Program Files\Java\jdk1.8.0_171\jre\lib\charsets.jar;C:\Program Files\Java\jdk1.8.0_171\jre\lib\jfr.jar;C:\Program Files\Java\jdk1.8.0_171\jre\classes"/>
    <property name="user.script" value=""/>
    <property name="sun.management.compiler" value="HotSpot 64-Bit Tiered Compilers"/>
    <property name="java.runtime.version" value="1.8.0_171-b11"/>
    <property name="user.name" value="THINKPAD"/>
    <property name="path.separator" value=";"/>
    <property name="os.version" value="6.1"/>
    <property name="java.endorsed.dirs" value="C:\Program Files\Java\jdk1.8.0_171\jre\lib\endorsed"/>
    <property name="java.runtime.name" value="Java(TM) SE Runtime Environment"/>
    <property name="file.encoding" value="Cp1252"/>
    <property name="java.vm.name" value="Java HotSpot(TM) 64-Bit Server VM"/>
    <property name="localRepository" value="C:\maven\repo"/>
    <property name="java.vendor.url.bug" value="http://bugreport.sun.com/bugreport/"/>
    <property name="java.io.tmpdir" value="C:\Users\THINKPAD\AppData\Local\Temp\"/>
    <property name="java.version" value="1.8.0_171"/>
    <property name="user.dir" value="E:\Project win 7\SpringTest\SpringCore"/>
    <property name="os.arch" value="amd64"/>
    <property name="java.vm.specification.name" value="Java Virtual Machine Specification"/>
    <property name="java.awt.printerjob" value="sun.awt.windows.WPrinterJob"/>
    <property name="sun.os.patch.level" value="Service Pack 1"/>
    <property name="java.library.path" value="C:\Program Files\Java\jdk1.8.0_171\jre\bin;C:\Windows\Sun\Java\bin;C:\Windows\system32;C:\Windows;C:\Program Files (x86)\Common Files\Oracle\Java\javapath;C:\Windows\system32;C:\Windows;C:\Windows\System32\Wbem;C:\Windows\System32\WindowsPowerShell\v1.0\;C:\Program Files\Java\jdk1.8.0_171\bin;C:\maven\apache-maven-3.5.4/\bin;C:\Program Files\Microsoft SQL Server\Client SDK\ODBC\110\Tools\Binn\;C:\Program Files (x86)\Microsoft SQL Server\120\Tools\Binn\;C:\Program Files\Microsoft SQL Server\120\Tools\Binn\;C:\Program Files\Microsoft SQL Server\120\DTS\Binn\;C:\Program Files (x86)\Microsoft SQL Server\120\Tools\Binn\ManagementStudio\;C:\Program Files (x86)\Microsoft SQL Server\120\DTS\Binn\;C:\Program Files\Git\cmd;C:\Program Files\Java\jdk1.8.0_171\bin;."/>
    <property name="java.vm.info" value="mixed mode"/>
    <property name="java.vendor" value="Oracle Corporation"/>
    <property name="java.vm.version" value="25.171-b11"/>
    <property name="java.ext.dirs" value="C:\Program Files\Java\jdk1.8.0_171\jre\lib\ext;C:\Windows\Sun\Java\lib\ext"/>
    <property name="sun.io.unicode.encoding" value="UnicodeLittle"/>
    <property name="java.class.version" value="52.0"/>
  </properties>
  <testcase name="shouldAnswerWithTrue" classname="com.spring.AppTest" time="0.002"/>
</testsuite>